<?xml version="1.0" encoding="UTF-8"?>
<!-- Generated by org.testng.reporters.JUnitXMLReporter -->
<testsuite ignored="4" hostname="Pugazh" failures="0" tests="3" name="Default test" time="5.179" errors="0" timestamp="2023-12-13T12:20:27 GMT">
  <testcase classname="com.framework.jira.tests.rest.TC001_CreateIssue" name="createIncident" time="3.161"/>
  <testcase classname="com.framework.jira.tests.rest.TC002_UpdateIncident" name="updateIncident" time="0.559"/>
  <testcase classname="com.framework.jira.tests.rest.TC003_DeleteIssue" name="deleteIssue" time="0.8"/>
  <testcase classname="com.framework.utils.Reporter" name="@BeforeSuite startReport" time="0.0">
    <ignored/>
  </testcase> <!-- @BeforeSuite startReport -->
  <testcase classname="com.framework.utils.Reporter" name="@BeforeSuite startReport" time="0.0">
    <ignored/>
  </testcase> <!-- @BeforeSuite startReport -->
  <testcase classname="com.framework.utils.Reporter" name="@AfterSuite endResult" time="0.0">
    <ignored/>
  </testcase> <!-- @AfterSuite endResult -->
  <testcase classname="com.framework.utils.Reporter" name="@AfterSuite endResult" time="0.0">
    <ignored/>
  </testcase> <!-- @AfterSuite endResult -->
</testsuite> <!-- Default test -->
