<?xml version="1.0" encoding="UTF-8"?>
<testng-results ignored="4" total="7" passed="3" failed="0" skipped="0">
  <reporter-output>
  </reporter-output>
  <suite started-at="2023-12-13T12:20:22 GMT" name="Default suite" finished-at="2023-12-13T12:20:27 GMT" duration-ms="5179">
    <groups>
      <group name="cucumber">
        <method signature="AbstractTestNGCucumberTests.runScenario(io.cucumber.testng.PickleWrapper,io.cucumber.testng.FeatureWrapper)[pri:0, instance:com.framework.jira.tests.rest.TC001_CreateIssue@1f59a598]" name="runScenario" class="io.cucumber.testng.AbstractTestNGCucumberTests"/>
        <method signature="AbstractTestNGCucumberTests.runScenario(io.cucumber.testng.PickleWrapper,io.cucumber.testng.FeatureWrapper)[pri:0, instance:com.framework.jira.tests.rest.TC003_DeleteIssue@f79e]" name="runScenario" class="io.cucumber.testng.AbstractTestNGCucumberTests"/>
        <method signature="AbstractTestNGCucumberTests.runScenario(io.cucumber.testng.PickleWrapper,io.cucumber.testng.FeatureWrapper)[pri:0, instance:com.framework.jira.tests.rest.TC002_UpdateIncident@707194ba]" name="runScenario" class="io.cucumber.testng.AbstractTestNGCucumberTests"/>
      </group> <!-- cucumber -->
    </groups>
    <test started-at="2023-12-13T12:20:22 GMT" name="Default test" finished-at="2023-12-13T12:20:27 GMT" duration-ms="5179">
      <class name="com.framework.jira.tests.rest.TC002_UpdateIncident">
        <test-method is-config="true" signature="startReport()[pri:0, instance:com.framework.jira.tests.rest.TC002_UpdateIncident@707194ba]" started-at="2023-12-13T12:20:21 GMT" name="startReport" finished-at="2023-12-13T12:20:22 GMT" duration-ms="171" status="PASS">
          <reporter-output>
          </reporter-output>
        </test-method> <!-- startReport -->
        <test-method is-config="true" signature="setValues()[pri:0, instance:com.framework.jira.tests.rest.TC002_UpdateIncident@707194ba]" started-at="2023-12-13T12:20:22 GMT" name="setValues" finished-at="2023-12-13T12:20:22 GMT" duration-ms="1" status="PASS">
          <reporter-output>
          </reporter-output>
        </test-method> <!-- setValues -->
        <test-method is-config="true" signature="setUpClass(org.testng.ITestContext)[pri:0, instance:com.framework.jira.tests.rest.TC002_UpdateIncident@707194ba]" started-at="2023-12-13T12:20:22 GMT" name="setUpClass" finished-at="2023-12-13T12:20:22 GMT" duration-ms="180" status="PASS">
          <params>
            <param index="0">
              <value>
                <![CDATA[org.testng.TestRunner@743d0d44]]>
              </value>
            </param>
          </params>
          <reporter-output>
          </reporter-output>
        </test-method> <!-- setUpClass -->
        <test-method is-config="true" signature="startTestCase()[pri:0, instance:com.framework.jira.tests.rest.TC002_UpdateIncident@707194ba]" started-at="2023-12-13T12:20:22 GMT" name="startTestCase" finished-at="2023-12-13T12:20:22 GMT" duration-ms="8" status="PASS">
          <reporter-output>
          </reporter-output>
        </test-method> <!-- startTestCase -->
        <test-method is-config="true" signature="beforeMethod()[pri:0, instance:com.framework.jira.tests.rest.TC002_UpdateIncident@707194ba]" started-at="2023-12-13T12:20:25 GMT" name="beforeMethod" finished-at="2023-12-13T12:20:25 GMT" duration-ms="1" status="PASS">
          <reporter-output>
          </reporter-output>
        </test-method> <!-- beforeMethod -->
        <test-method signature="updateIncident(java.io.File)[pri:0, instance:com.framework.jira.tests.rest.TC002_UpdateIncident@707194ba]" started-at="2023-12-13T12:20:25 GMT" name="updateIncident" data-provider="fetchData" finished-at="2023-12-13T12:20:26 GMT" depends-on-methods="com.framework.jira.tests.rest.TC001_CreateIssue.createIncident" duration-ms="559" status="PASS">
          <params>
            <param index="0">
              <value>
                <![CDATA[.\data\TC002.JSON]]>
              </value>
            </param>
          </params>
          <reporter-output>
          </reporter-output>
        </test-method> <!-- updateIncident -->
        <test-method is-config="true" signature="tearDownClass()[pri:0, instance:com.framework.jira.tests.rest.TC002_UpdateIncident@707194ba]" started-at="2023-12-13T12:20:26 GMT" name="tearDownClass" finished-at="2023-12-13T12:20:26 GMT" duration-ms="3" status="PASS">
          <reporter-output>
          </reporter-output>
        </test-method> <!-- tearDownClass -->
        <test-method is-config="true" signature="endResult()[pri:0, instance:com.framework.jira.tests.rest.TC002_UpdateIncident@707194ba]" started-at="2023-12-13T12:20:27 GMT" name="endResult" finished-at="2023-12-13T12:20:27 GMT" duration-ms="257" status="PASS">
          <reporter-output>
          </reporter-output>
        </test-method> <!-- endResult -->
      </class> <!-- com.framework.jira.tests.rest.TC002_UpdateIncident -->
      <class name="com.framework.jira.tests.rest.TC003_DeleteIssue">
        <test-method is-config="true" signature="setValues()[pri:0, instance:com.framework.jira.tests.rest.TC003_DeleteIssue@f79e]" started-at="2023-12-13T12:20:22 GMT" name="setValues" finished-at="2023-12-13T12:20:22 GMT" duration-ms="0" status="PASS">
          <reporter-output>
          </reporter-output>
        </test-method> <!-- setValues -->
        <test-method is-config="true" signature="setUpClass(org.testng.ITestContext)[pri:0, instance:com.framework.jira.tests.rest.TC003_DeleteIssue@f79e]" started-at="2023-12-13T12:20:22 GMT" name="setUpClass" finished-at="2023-12-13T12:20:22 GMT" duration-ms="17" status="PASS">
          <params>
            <param index="0">
              <value>
                <![CDATA[org.testng.TestRunner@743d0d44]]>
              </value>
            </param>
          </params>
          <reporter-output>
          </reporter-output>
        </test-method> <!-- setUpClass -->
        <test-method is-config="true" signature="startTestCase()[pri:0, instance:com.framework.jira.tests.rest.TC003_DeleteIssue@f79e]" started-at="2023-12-13T12:20:22 GMT" name="startTestCase" finished-at="2023-12-13T12:20:22 GMT" duration-ms="0" status="PASS">
          <reporter-output>
          </reporter-output>
        </test-method> <!-- startTestCase -->
        <test-method is-config="true" signature="beforeMethod()[pri:0, instance:com.framework.jira.tests.rest.TC003_DeleteIssue@f79e]" started-at="2023-12-13T12:20:26 GMT" name="beforeMethod" finished-at="2023-12-13T12:20:26 GMT" duration-ms="2" status="PASS">
          <reporter-output>
          </reporter-output>
        </test-method> <!-- beforeMethod -->
        <test-method signature="deleteIssue()[pri:0, instance:com.framework.jira.tests.rest.TC003_DeleteIssue@f79e]" started-at="2023-12-13T12:20:26 GMT" name="deleteIssue" finished-at="2023-12-13T12:20:27 GMT" depends-on-methods="com.framework.jira.tests.rest.TC002_UpdateIncident.updateIncident" duration-ms="800" status="PASS">
          <reporter-output>
          </reporter-output>
        </test-method> <!-- deleteIssue -->
        <test-method is-config="true" signature="tearDownClass()[pri:0, instance:com.framework.jira.tests.rest.TC003_DeleteIssue@f79e]" started-at="2023-12-13T12:20:27 GMT" name="tearDownClass" finished-at="2023-12-13T12:20:27 GMT" duration-ms="0" status="PASS">
          <reporter-output>
          </reporter-output>
        </test-method> <!-- tearDownClass -->
      </class> <!-- com.framework.jira.tests.rest.TC003_DeleteIssue -->
      <class name="com.framework.jira.tests.rest.TC001_CreateIssue">
        <test-method is-config="true" signature="setValues()[pri:0, instance:com.framework.jira.tests.rest.TC001_CreateIssue@1f59a598]" started-at="2023-12-13T12:20:22 GMT" name="setValues" finished-at="2023-12-13T12:20:22 GMT" duration-ms="0" status="PASS">
          <reporter-output>
          </reporter-output>
        </test-method> <!-- setValues -->
        <test-method is-config="true" signature="setUpClass(org.testng.ITestContext)[pri:0, instance:com.framework.jira.tests.rest.TC001_CreateIssue@1f59a598]" started-at="2023-12-13T12:20:22 GMT" name="setUpClass" finished-at="2023-12-13T12:20:22 GMT" duration-ms="11" status="PASS">
          <params>
            <param index="0">
              <value>
                <![CDATA[org.testng.TestRunner@743d0d44]]>
              </value>
            </param>
          </params>
          <reporter-output>
          </reporter-output>
        </test-method> <!-- setUpClass -->
        <test-method is-config="true" signature="startTestCase()[pri:0, instance:com.framework.jira.tests.rest.TC001_CreateIssue@1f59a598]" started-at="2023-12-13T12:20:22 GMT" name="startTestCase" finished-at="2023-12-13T12:20:22 GMT" duration-ms="0" status="PASS">
          <reporter-output>
          </reporter-output>
        </test-method> <!-- startTestCase -->
        <test-method is-config="true" signature="beforeMethod()[pri:0, instance:com.framework.jira.tests.rest.TC001_CreateIssue@1f59a598]" started-at="2023-12-13T12:20:22 GMT" name="beforeMethod" finished-at="2023-12-13T12:20:22 GMT" duration-ms="382" status="PASS">
          <reporter-output>
          </reporter-output>
        </test-method> <!-- beforeMethod -->
        <test-method signature="createIncident(java.io.File)[pri:0, instance:com.framework.jira.tests.rest.TC001_CreateIssue@1f59a598]" started-at="2023-12-13T12:20:22 GMT" name="createIncident" data-provider="fetchData" finished-at="2023-12-13T12:20:25 GMT" duration-ms="3161" status="PASS">
          <params>
            <param index="0">
              <value>
                <![CDATA[.\data\TC001.JSON]]>
              </value>
            </param>
          </params>
          <reporter-output>
          </reporter-output>
        </test-method> <!-- createIncident -->
        <test-method is-config="true" signature="tearDownClass()[pri:0, instance:com.framework.jira.tests.rest.TC001_CreateIssue@1f59a598]" started-at="2023-12-13T12:20:25 GMT" name="tearDownClass" finished-at="2023-12-13T12:20:25 GMT" duration-ms="5" status="PASS">
          <reporter-output>
          </reporter-output>
        </test-method> <!-- tearDownClass -->
      </class> <!-- com.framework.jira.tests.rest.TC001_CreateIssue -->
    </test> <!-- Default test -->
  </suite> <!-- Default suite -->
</testng-results>
